{"name":"Log","hostname":"96f98a7143c0","pid":1,"level":30,"version":"6.0.10","msg":"Ghost is running in production...","time":"2025-09-27T23:17:35.688Z","v":0}
{"name":"Log","hostname":"96f98a7143c0","pid":1,"level":30,"version":"6.0.10","msg":"Your site is now available on http://localhost:2368/","time":"2025-09-27T23:17:35.688Z","v":0}
{"name":"Log","hostname":"96f98a7143c0","pid":1,"level":30,"version":"6.0.10","msg":"Ctrl+C to shut down","time":"2025-09-27T23:17:35.688Z","v":0}
{"name":"Log","hostname":"96f98a7143c0","pid":1,"level":30,"version":"6.0.10","msg":"Ghost server started in 0.28s","time":"2025-09-27T23:17:35.689Z","v":0}
{"name":"Log","hostname":"96f98a7143c0","pid":1,"level":50,"version":"6.0.10","err":{"id":500,"domain":"http://localhost:2368","code":"ECONNREFUSED","name":"DatabaseError","statusCode":500,"level":"critical","message":"connect ECONNREFUSED 172.19.0.2:3306","help":"\"Unknown database error\"","stack":"Error: connect ECONNREFUSED 172.19.0.2:3306\n    at /var/lib/ghost/versions/6.0.10/node_modules/knex-migrator/lib/database.js:57:19\n    at TCPConnectWrap.afterConnect [as oncomplete] (node:net:1637:16)","hideStack":false},"msg":"connect ECONNREFUSED 172.19.0.2:3306","time":"2025-09-27T23:17:35.800Z","v":0}
{"name":"Log","hostname":"96f98a7143c0","pid":1,"level":40,"version":"6.0.10","msg":"Ghost is shutting down","time":"2025-09-27T23:17:35.801Z","v":0}
{"name":"Log","hostname":"96f98a7143c0","pid":1,"level":40,"version":"6.0.10","msg":"Ghost has shut down","time":"2025-09-27T23:17:35.802Z","v":0}
{"name":"Log","hostname":"96f98a7143c0","pid":1,"level":40,"version":"6.0.10","msg":"Your site is now offline","time":"2025-09-27T23:17:35.802Z","v":0}
{"name":"Log","hostname":"96f98a7143c0","pid":1,"level":40,"version":"6.0.10","msg":"Ghost was running for a few seconds","time":"2025-09-27T23:17:35.803Z","v":0}
{"name":"Log","hostname":"96f98a7143c0","pid":1,"level":30,"version":"6.0.10","msg":"Ghost is running in production...","time":"2025-09-27T23:17:36.529Z","v":0}
{"name":"Log","hostname":"96f98a7143c0","pid":1,"level":30,"version":"6.0.10","msg":"Your site is now available on http://localhost:2368/","time":"2025-09-27T23:17:36.530Z","v":0}
{"name":"Log","hostname":"96f98a7143c0","pid":1,"level":30,"version":"6.0.10","msg":"Ctrl+C to shut down","time":"2025-09-27T23:17:36.530Z","v":0}
{"name":"Log","hostname":"96f98a7143c0","pid":1,"level":30,"version":"6.0.10","msg":"Ghost server started in 0.269s","time":"2025-09-27T23:17:36.530Z","v":0}
{"name":"Log","hostname":"96f98a7143c0","pid":1,"level":50,"version":"6.0.10","err":{"id":500,"domain":"http://localhost:2368","code":"ECONNREFUSED","name":"DatabaseError","statusCode":500,"level":"critical","message":"connect ECONNREFUSED 172.19.0.2:3306","help":"\"Unknown database error\"","stack":"Error: connect ECONNREFUSED 172.19.0.2:3306\n    at /var/lib/ghost/versions/6.0.10/node_modules/knex-migrator/lib/database.js:57:19\n    at TCPConnectWrap.afterConnect [as oncomplete] (node:net:1637:16)","hideStack":false},"msg":"connect ECONNREFUSED 172.19.0.2:3306","time":"2025-09-27T23:17:36.634Z","v":0}
{"name":"Log","hostname":"96f98a7143c0","pid":1,"level":40,"version":"6.0.10","msg":"Ghost is shutting down","time":"2025-09-27T23:17:36.634Z","v":0}
{"name":"Log","hostname":"96f98a7143c0","pid":1,"level":40,"version":"6.0.10","msg":"Ghost has shut down","time":"2025-09-27T23:17:36.635Z","v":0}
{"name":"Log","hostname":"96f98a7143c0","pid":1,"level":40,"version":"6.0.10","msg":"Your site is now offline","time":"2025-09-27T23:17:36.635Z","v":0}
{"name":"Log","hostname":"96f98a7143c0","pid":1,"level":40,"version":"6.0.10","msg":"Ghost was running for a few seconds","time":"2025-09-27T23:17:36.636Z","v":0}
{"name":"Log","hostname":"96f98a7143c0","pid":1,"level":30,"version":"6.0.10","msg":"Ghost is running in production...","time":"2025-09-27T23:17:37.487Z","v":0}
{"name":"Log","hostname":"96f98a7143c0","pid":1,"level":30,"version":"6.0.10","msg":"Your site is now available on http://localhost:2368/","time":"2025-09-27T23:17:37.488Z","v":0}
{"name":"Log","hostname":"96f98a7143c0","pid":1,"level":30,"version":"6.0.10","msg":"Ctrl+C to shut down","time":"2025-09-27T23:17:37.488Z","v":0}
{"name":"Log","hostname":"96f98a7143c0","pid":1,"level":30,"version":"6.0.10","msg":"Ghost server started in 0.281s","time":"2025-09-27T23:17:37.488Z","v":0}
{"name":"Log","hostname":"96f98a7143c0","pid":1,"level":50,"version":"6.0.10","err":{"id":500,"domain":"http://localhost:2368","code":"ECONNREFUSED","name":"DatabaseError","statusCode":500,"level":"critical","message":"connect ECONNREFUSED 172.19.0.2:3306","help":"\"Unknown database error\"","stack":"Error: connect ECONNREFUSED 172.19.0.2:3306\n    at /var/lib/ghost/versions/6.0.10/node_modules/knex-migrator/lib/database.js:57:19\n    at TCPConnectWrap.afterConnect [as oncomplete] (node:net:1637:16)","hideStack":false},"msg":"connect ECONNREFUSED 172.19.0.2:3306","time":"2025-09-27T23:17:37.599Z","v":0}
{"name":"Log","hostname":"96f98a7143c0","pid":1,"level":40,"version":"6.0.10","msg":"Ghost is shutting down","time":"2025-09-27T23:17:37.600Z","v":0}
{"name":"Log","hostname":"96f98a7143c0","pid":1,"level":40,"version":"6.0.10","msg":"Ghost has shut down","time":"2025-09-27T23:17:37.600Z","v":0}
{"name":"Log","hostname":"96f98a7143c0","pid":1,"level":40,"version":"6.0.10","msg":"Your site is now offline","time":"2025-09-27T23:17:37.601Z","v":0}
{"name":"Log","hostname":"96f98a7143c0","pid":1,"level":40,"version":"6.0.10","msg":"Ghost was running for a few seconds","time":"2025-09-27T23:17:37.602Z","v":0}
{"name":"Log","hostname":"96f98a7143c0","pid":1,"level":30,"version":"6.0.10","msg":"Ghost is running in production...","time":"2025-09-27T23:17:38.556Z","v":0}
{"name":"Log","hostname":"96f98a7143c0","pid":1,"level":30,"version":"6.0.10","msg":"Your site is now available on http://localhost:2368/","time":"2025-09-27T23:17:38.556Z","v":0}
{"name":"Log","hostname":"96f98a7143c0","pid":1,"level":30,"version":"6.0.10","msg":"Ctrl+C to shut down","time":"2025-09-27T23:17:38.556Z","v":0}
{"name":"Log","hostname":"96f98a7143c0","pid":1,"level":30,"version":"6.0.10","msg":"Ghost server started in 0.244s","time":"2025-09-27T23:17:38.557Z","v":0}
{"name":"Log","hostname":"96f98a7143c0","pid":1,"level":50,"version":"6.0.10","err":{"id":500,"domain":"http://localhost:2368","code":"ECONNREFUSED","name":"DatabaseError","statusCode":500,"level":"critical","message":"connect ECONNREFUSED 172.19.0.2:3306","help":"\"Unknown database error\"","stack":"Error: connect ECONNREFUSED 172.19.0.2:3306\n    at /var/lib/ghost/versions/6.0.10/node_modules/knex-migrator/lib/database.js:57:19\n    at TCPConnectWrap.afterConnect [as oncomplete] (node:net:1637:16)","hideStack":false},"msg":"connect ECONNREFUSED 172.19.0.2:3306","time":"2025-09-27T23:17:38.655Z","v":0}
{"name":"Log","hostname":"96f98a7143c0","pid":1,"level":40,"version":"6.0.10","msg":"Ghost is shutting down","time":"2025-09-27T23:17:38.656Z","v":0}
{"name":"Log","hostname":"96f98a7143c0","pid":1,"level":40,"version":"6.0.10","msg":"Ghost has shut down","time":"2025-09-27T23:17:38.656Z","v":0}
{"name":"Log","hostname":"96f98a7143c0","pid":1,"level":40,"version":"6.0.10","msg":"Your site is now offline","time":"2025-09-27T23:17:38.657Z","v":0}
{"name":"Log","hostname":"96f98a7143c0","pid":1,"level":40,"version":"6.0.10","msg":"Ghost was running for a few seconds","time":"2025-09-27T23:17:38.658Z","v":0}
{"name":"Log","hostname":"96f98a7143c0","pid":1,"level":30,"version":"6.0.10","msg":"Ghost is running in production...","time":"2025-09-27T23:17:40.086Z","v":0}
{"name":"Log","hostname":"96f98a7143c0","pid":1,"level":30,"version":"6.0.10","msg":"Your site is now available on http://localhost:2368/","time":"2025-09-27T23:17:40.087Z","v":0}
{"name":"Log","hostname":"96f98a7143c0","pid":1,"level":30,"version":"6.0.10","msg":"Ctrl+C to shut down","time":"2025-09-27T23:17:40.087Z","v":0}
{"name":"Log","hostname":"96f98a7143c0","pid":1,"level":30,"version":"6.0.10","msg":"Ghost server started in 0.294s","time":"2025-09-27T23:17:40.087Z","v":0}
{"name":"Log","hostname":"96f98a7143c0","pid":1,"level":50,"version":"6.0.10","err":{"id":500,"domain":"http://localhost:2368","code":"ECONNREFUSED","name":"DatabaseError","statusCode":500,"level":"critical","message":"connect ECONNREFUSED 172.19.0.2:3306","help":"\"Unknown database error\"","stack":"Error: connect ECONNREFUSED 172.19.0.2:3306\n    at /var/lib/ghost/versions/6.0.10/node_modules/knex-migrator/lib/database.js:57:19\n    at TCPConnectWrap.afterConnect [as oncomplete] (node:net:1637:16)","hideStack":false},"msg":"connect ECONNREFUSED 172.19.0.2:3306","time":"2025-09-27T23:17:40.200Z","v":0}
{"name":"Log","hostname":"96f98a7143c0","pid":1,"level":40,"version":"6.0.10","msg":"Ghost is shutting down","time":"2025-09-27T23:17:40.201Z","v":0}
{"name":"Log","hostname":"96f98a7143c0","pid":1,"level":40,"version":"6.0.10","msg":"Ghost has shut down","time":"2025-09-27T23:17:40.202Z","v":0}
{"name":"Log","hostname":"96f98a7143c0","pid":1,"level":40,"version":"6.0.10","msg":"Your site is now offline","time":"2025-09-27T23:17:40.202Z","v":0}
{"name":"Log","hostname":"96f98a7143c0","pid":1,"level":40,"version":"6.0.10","msg":"Ghost was running for a few seconds","time":"2025-09-27T23:17:40.203Z","v":0}
{"name":"Log","hostname":"96f98a7143c0","pid":1,"level":30,"version":"6.0.10","msg":"Ghost is running in production...","time":"2025-09-27T23:17:42.350Z","v":0}
{"name":"Log","hostname":"96f98a7143c0","pid":1,"level":30,"version":"6.0.10","msg":"Your site is now available on http://localhost:2368/","time":"2025-09-27T23:17:42.351Z","v":0}
{"name":"Log","hostname":"96f98a7143c0","pid":1,"level":30,"version":"6.0.10","msg":"Ctrl+C to shut down","time":"2025-09-27T23:17:42.351Z","v":0}
{"name":"Log","hostname":"96f98a7143c0","pid":1,"level":30,"version":"6.0.10","msg":"Ghost server started in 0.227s","time":"2025-09-27T23:17:42.351Z","v":0}
{"name":"Log","hostname":"96f98a7143c0","pid":1,"level":50,"version":"6.0.10","err":{"id":500,"domain":"http://localhost:2368","code":"ECONNREFUSED","name":"DatabaseError","statusCode":500,"level":"critical","message":"connect ECONNREFUSED 172.19.0.2:3306","help":"\"Unknown database error\"","stack":"Error: connect ECONNREFUSED 172.19.0.2:3306\n    at /var/lib/ghost/versions/6.0.10/node_modules/knex-migrator/lib/database.js:57:19\n    at TCPConnectWrap.afterConnect [as oncomplete] (node:net:1637:16)","hideStack":false},"msg":"connect ECONNREFUSED 172.19.0.2:3306","time":"2025-09-27T23:17:42.440Z","v":0}
{"name":"Log","hostname":"96f98a7143c0","pid":1,"level":40,"version":"6.0.10","msg":"Ghost is shutting down","time":"2025-09-27T23:17:42.441Z","v":0}
{"name":"Log","hostname":"96f98a7143c0","pid":1,"level":40,"version":"6.0.10","msg":"Ghost has shut down","time":"2025-09-27T23:17:42.441Z","v":0}
{"name":"Log","hostname":"96f98a7143c0","pid":1,"level":40,"version":"6.0.10","msg":"Your site is now offline","time":"2025-09-27T23:17:42.442Z","v":0}
{"name":"Log","hostname":"96f98a7143c0","pid":1,"level":40,"version":"6.0.10","msg":"Ghost was running for a few seconds","time":"2025-09-27T23:17:42.443Z","v":0}
{"name":"Log","hostname":"96f98a7143c0","pid":1,"level":30,"version":"6.0.10","msg":"Ghost is running in production...","time":"2025-09-27T23:17:46.192Z","v":0}
{"name":"Log","hostname":"96f98a7143c0","pid":1,"level":30,"version":"6.0.10","msg":"Your site is now available on http://localhost:2368/","time":"2025-09-27T23:17:46.193Z","v":0}
{"name":"Log","hostname":"96f98a7143c0","pid":1,"level":30,"version":"6.0.10","msg":"Ctrl+C to shut down","time":"2025-09-27T23:17:46.193Z","v":0}
{"name":"Log","hostname":"96f98a7143c0","pid":1,"level":30,"version":"6.0.10","msg":"Ghost server started in 0.24s","time":"2025-09-27T23:17:46.193Z","v":0}
{"name":"Log","hostname":"96f98a7143c0","pid":1,"level":40,"version":"6.0.10","msg":"Database state requires initialisation.","time":"2025-09-27T23:17:46.337Z","v":0}
{"name":"Log","hostname":"96f98a7143c0","pid":1,"level":30,"version":"6.0.10","msg":"Creating table: newsletters","time":"2025-09-27T23:17:46.507Z","v":0}
{"name":"Log","hostname":"96f98a7143c0","pid":1,"level":30,"version":"6.0.10","msg":"Creating table: posts","time":"2025-09-27T23:17:46.564Z","v":0}
{"name":"Log","hostname":"96f98a7143c0","pid":1,"level":30,"version":"6.0.10","msg":"Creating table: posts_meta","time":"2025-09-27T23:17:46.705Z","v":0}
{"name":"Log","hostname":"96f98a7143c0","pid":1,"level":30,"version":"6.0.10","msg":"Creating table: users","time":"2025-09-27T23:17:46.756Z","v":0}
{"name":"Log","hostname":"96f98a7143c0","pid":1,"level":30,"version":"6.0.10","msg":"Creating table: posts_authors","time":"2025-09-27T23:17:46.789Z","v":0}
{"name":"Log","hostname":"96f98a7143c0","pid":1,"level":30,"version":"6.0.10","msg":"Creating table: roles","time":"2025-09-27T23:17:46.861Z","v":0}
{"name":"Log","hostname":"96f98a7143c0","pid":1,"level":30,"version":"6.0.10","msg":"Creating table: roles_users","time":"2025-09-27T23:17:46.879Z","v":0}
{"name":"Log","hostname":"96f98a7143c0","pid":1,"level":30,"version":"6.0.10","msg":"Creating table: permissions","time":"2025-09-27T23:17:46.890Z","v":0}
{"name":"Log","hostname":"96f98a7143c0","pid":1,"level":30,"version":"6.0.10","msg":"Creating table: permissions_users","time":"2025-09-27T23:17:46.910Z","v":0}
{"name":"Log","hostname":"96f98a7143c0","pid":1,"level":30,"version":"6.0.10","msg":"Creating table: permissions_roles","time":"2025-09-27T23:17:46.922Z","v":0}
{"name":"Log","hostname":"96f98a7143c0","pid":1,"level":30,"version":"6.0.10","msg":"Creating table: settings","time":"2025-09-27T23:17:46.932Z","v":0}
{"name":"Log","hostname":"96f98a7143c0","pid":1,"level":30,"version":"6.0.10","msg":"Creating table: tags","time":"2025-09-27T23:17:46.952Z","v":0}
{"name":"Log","hostname":"96f98a7143c0","pid":1,"level":30,"version":"6.0.10","msg":"Creating table: posts_tags","time":"2025-09-27T23:17:46.975Z","v":0}
{"name":"Log","hostname":"96f98a7143c0","pid":1,"level":30,"version":"6.0.10","msg":"Creating table: invites","time":"2025-09-27T23:17:47.055Z","v":0}
{"name":"Log","hostname":"96f98a7143c0","pid":1,"level":30,"version":"6.0.10","msg":"Creating table: brute","time":"2025-09-27T23:17:47.084Z","v":0}
{"name":"Log","hostname":"96f98a7143c0","pid":1,"level":30,"version":"6.0.10","msg":"Creating table: sessions","time":"2025-09-27T23:17:47.097Z","v":0}
{"name":"Log","hostname":"96f98a7143c0","pid":1,"level":30,"version":"6.0.10","msg":"Creating table: integrations","time":"2025-09-27T23:17:47.118Z","v":0}
{"name":"Log","hostname":"96f98a7143c0","pid":1,"level":30,"version":"6.0.10","msg":"Creating table: webhooks","time":"2025-09-27T23:17:47.137Z","v":0}
{"name":"Log","hostname":"96f98a7143c0","pid":1,"level":30,"version":"6.0.10","msg":"Creating table: api_keys","time":"2025-09-27T23:17:47.177Z","v":0}
{"name":"Log","hostname":"96f98a7143c0","pid":1,"level":30,"version":"6.0.10","msg":"Creating table: mobiledoc_revisions","time":"2025-09-27T23:17:47.197Z","v":0}
{"name":"Log","hostname":"96f98a7143c0","pid":1,"level":30,"version":"6.0.10","msg":"Creating table: post_revisions","time":"2025-09-27T23:17:47.216Z","v":0}
{"name":"Log","hostname":"96f98a7143c0","pid":1,"level":30,"version":"6.0.10","msg":"Creating table: members","time":"2025-09-27T23:17:47.267Z","v":0}
{"name":"Log","hostname":"96f98a7143c0","pid":1,"level":30,"version":"6.0.10","msg":"Creating table: products","time":"2025-09-27T23:17:47.324Z","v":0}
{"name":"Log","hostname":"96f98a7143c0","pid":1,"level":30,"version":"6.0.10","msg":"Creating table: offers","time":"2025-09-27T23:17:47.346Z","v":0}
{"name":"Log","hostname":"96f98a7143c0","pid":1,"level":30,"version":"6.0.10","msg":"Creating table: benefits","time":"2025-09-27T23:17:47.424Z","v":0}
{"name":"Log","hostname":"96f98a7143c0","pid":1,"level":30,"version":"6.0.10","msg":"Creating table: products_benefits","time":"2025-09-27T23:17:47.444Z","v":0}
{"name":"Log","hostname":"96f98a7143c0","pid":1,"level":30,"version":"6.0.10","msg":"Creating table: members_products","time":"2025-09-27T23:17:47.520Z","v":0}
{"name":"Log","hostname":"96f98a7143c0","pid":1,"level":30,"version":"6.0.10","msg":"Creating table: posts_products","time":"2025-09-27T23:17:47.595Z","v":0}
{"name":"Log","hostname":"96f98a7143c0","pid":1,"level":30,"version":"6.0.10","msg":"Creating table: members_created_events","time":"2025-09-27T23:17:47.672Z","v":0}
{"name":"Log","hostname":"96f98a7143c0","pid":1,"level":30,"version":"6.0.10","msg":"Creating table: members_cancel_events","time":"2025-09-27T23:17:47.723Z","v":0}
{"name":"Log","hostname":"96f98a7143c0","pid":1,"level":30,"version":"6.0.10","msg":"Creating table: members_payment_events","time":"2025-09-27T23:17:47.764Z","v":0}
{"name":"Log","hostname":"96f98a7143c0","pid":1,"level":30,"version":"6.0.10","msg":"Creating table: members_login_events","time":"2025-09-27T23:17:47.805Z","v":0}
{"name":"Log","hostname":"96f98a7143c0","pid":1,"level":30,"version":"6.0.10","msg":"Creating table: members_email_change_events","time":"2025-09-27T23:17:47.845Z","v":0}
{"name":"Log","hostname":"96f98a7143c0","pid":1,"level":30,"version":"6.0.10","msg":"Creating table: members_status_events","time":"2025-09-27T23:17:47.885Z","v":0}
{"name":"Log","hostname":"96f98a7143c0","pid":1,"level":30,"version":"6.0.10","msg":"Creating table: members_product_events","time":"2025-09-27T23:17:47.925Z","v":0}
{"name":"Log","hostname":"96f98a7143c0","pid":1,"level":30,"version":"6.0.10","msg":"Creating table: members_paid_subscription_events","time":"2025-09-27T23:17:47.999Z","v":0}
{"name":"Log","hostname":"96f98a7143c0","pid":1,"level":30,"version":"6.0.10","msg":"Creating table: labels","time":"2025-09-27T23:17:48.041Z","v":0}
{"name":"Log","hostname":"96f98a7143c0","pid":1,"level":30,"version":"6.0.10","msg":"Creating table: members_labels","time":"2025-09-27T23:17:48.071Z","v":0}
{"name":"Log","hostname":"96f98a7143c0","pid":1,"level":30,"version":"6.0.10","msg":"Creating table: members_stripe_customers","time":"2025-09-27T23:17:48.141Z","v":0}
{"name":"Log","hostname":"96f98a7143c0","pid":1,"level":30,"version":"6.0.10","msg":"Creating table: subscriptions","time":"2025-09-27T23:17:48.194Z","v":0}
{"name":"Log","hostname":"96f98a7143c0","pid":1,"level":30,"version":"6.0.10","msg":"Creating table: members_stripe_customers_subscriptions","time":"2025-09-27T23:17:48.304Z","v":0}
{"name":"Log","hostname":"96f98a7143c0","pid":1,"level":30,"version":"6.0.10","msg":"Creating table: members_subscription_created_events","time":"2025-09-27T23:17:48.447Z","v":0}
{"name":"Log","hostname":"96f98a7143c0","pid":1,"level":30,"version":"6.0.10","msg":"Creating table: offer_redemptions","time":"2025-09-27T23:17:48.529Z","v":0}
{"name":"Log","hostname":"96f98a7143c0","pid":1,"level":30,"version":"6.0.10","msg":"Creating table: members_subscribe_events","time":"2025-09-27T23:17:48.644Z","v":0}
{"name":"Log","hostname":"96f98a7143c0","pid":1,"level":30,"version":"6.0.10","msg":"Creating table: donation_payment_events","time":"2025-09-27T23:17:48.726Z","v":0}
{"name":"Log","hostname":"96f98a7143c0","pid":1,"level":30,"version":"6.0.10","msg":"Creating table: stripe_products","time":"2025-09-27T23:17:48.767Z","v":0}
{"name":"Log","hostname":"96f98a7143c0","pid":1,"level":30,"version":"6.0.10","msg":"Creating table: stripe_prices","time":"2025-09-27T23:17:48.817Z","v":0}
{"name":"Log","hostname":"96f98a7143c0","pid":1,"level":30,"version":"6.0.10","msg":"Creating table: actions","time":"2025-09-27T23:17:48.872Z","v":0}
{"name":"Log","hostname":"96f98a7143c0","pid":1,"level":30,"version":"6.0.10","msg":"Creating table: emails","time":"2025-09-27T23:17:48.883Z","v":0}
{"name":"Log","hostname":"96f98a7143c0","pid":1,"level":30,"version":"6.0.10","msg":"Creating table: email_batches","time":"2025-09-27T23:17:48.952Z","v":0}
{"name":"Log","hostname":"96f98a7143c0","pid":1,"level":30,"version":"6.0.10","msg":"Creating table: email_recipients","time":"2025-09-27T23:17:48.993Z","v":0}
{"name":"Log","hostname":"96f98a7143c0","pid":1,"level":30,"version":"6.0.10","msg":"Creating table: email_recipient_failures","time":"2025-09-27T23:17:49.121Z","v":0}
{"name":"Log","hostname":"96f98a7143c0","pid":1,"level":30,"version":"6.0.10","msg":"Creating table: tokens","time":"2025-09-27T23:17:49.197Z","v":0}
{"name":"Log","hostname":"96f98a7143c0","pid":1,"level":30,"version":"6.0.10","msg":"Creating table: snippets","time":"2025-09-27T23:17:49.222Z","v":0}
{"name":"Log","hostname":"96f98a7143c0","pid":1,"level":30,"version":"6.0.10","msg":"Creating table: custom_theme_settings","time":"2025-09-27T23:17:49.241Z","v":0}
{"name":"Log","hostname":"96f98a7143c0","pid":1,"level":30,"version":"6.0.10","msg":"Creating table: members_newsletters","time":"2025-09-27T23:17:49.253Z","v":0}
{"name":"Log","hostname":"96f98a7143c0","pid":1,"level":30,"version":"6.0.10","msg":"Creating table: comments","time":"2025-09-27T23:17:49.336Z","v":0}
{"name":"Log","hostname":"96f98a7143c0","pid":1,"level":30,"version":"6.0.10","msg":"Creating table: comment_likes","time":"2025-09-27T23:17:49.479Z","v":0}
{"name":"Log","hostname":"96f98a7143c0","pid":1,"level":30,"version":"6.0.10","msg":"Creating table: comment_reports","time":"2025-09-27T23:17:49.550Z","v":0}
{"name":"Log","hostname":"96f98a7143c0","pid":1,"level":30,"version":"6.0.10","msg":"Creating table: jobs","time":"2025-09-27T23:17:49.623Z","v":0}
{"name":"Log","hostname":"96f98a7143c0","pid":1,"level":30,"version":"6.0.10","msg":"Creating table: redirects","time":"2025-09-27T23:17:49.648Z","v":0}
{"name":"Log","hostname":"96f98a7143c0","pid":1,"level":30,"version":"6.0.10","msg":"Creating table: members_click_events","time":"2025-09-27T23:17:49.702Z","v":0}
{"name":"Log","hostname":"96f98a7143c0","pid":1,"level":30,"version":"6.0.10","msg":"Creating table: members_feedback","time":"2025-09-27T23:17:49.774Z","v":0}
{"name":"Log","hostname":"96f98a7143c0","pid":1,"level":30,"version":"6.0.10","msg":"Creating table: suppressions","time":"2025-09-27T23:17:49.846Z","v":0}
{"name":"Log","hostname":"96f98a7143c0","pid":1,"level":30,"version":"6.0.10","msg":"Creating table: email_spam_complaint_events","time":"2025-09-27T23:17:49.895Z","v":0}
{"name":"Log","hostname":"96f98a7143c0","pid":1,"level":30,"version":"6.0.10","msg":"Creating table: mentions","time":"2025-09-27T23:17:49.978Z","v":0}
{"name":"Log","hostname":"96f98a7143c0","pid":1,"level":30,"version":"6.0.10","msg":"Creating table: milestones","time":"2025-09-27T23:17:49.989Z","v":0}
{"name":"Log","hostname":"96f98a7143c0","pid":1,"level":30,"version":"6.0.10","msg":"Creating table: collections","time":"2025-09-27T23:17:50.000Z","v":0}
{"name":"Log","hostname":"96f98a7143c0","pid":1,"level":30,"version":"6.0.10","msg":"Creating table: collections_posts","time":"2025-09-27T23:17:50.020Z","v":0}
{"name":"Log","hostname":"96f98a7143c0","pid":1,"level":30,"version":"6.0.10","msg":"Creating table: recommendations","time":"2025-09-27T23:17:50.094Z","v":0}
{"name":"Log","hostname":"96f98a7143c0","pid":1,"level":30,"version":"6.0.10","msg":"Creating table: recommendation_click_events","time":"2025-09-27T23:17:50.109Z","v":0}
{"name":"Log","hostname":"96f98a7143c0","pid":1,"level":30,"version":"6.0.10","msg":"Creating table: recommendation_subscribe_events","time":"2025-09-27T23:17:50.177Z","v":0}
{"name":"Log","hostname":"96f98a7143c0","pid":1,"level":30,"version":"6.0.10","msg":"Model: Collection","time":"2025-09-27T23:17:50.528Z","v":0}
{"name":"Log","hostname":"96f98a7143c0","pid":1,"level":30,"version":"6.0.10","msg":"Model: Product","time":"2025-09-27T23:17:50.532Z","v":0}
{"name":"Log","hostname":"96f98a7143c0","pid":1,"level":30,"version":"6.0.10","msg":"Model: Newsletter","time":"2025-09-27T23:17:50.538Z","v":0}
{"name":"Log","hostname":"96f98a7143c0","pid":1,"level":30,"version":"6.0.10","msg":"Model: Tag","time":"2025-09-27T23:17:50.541Z","v":0}
{"name":"Log","hostname":"96f98a7143c0","pid":1,"level":30,"version":"6.0.10","msg":"Model: Permission","time":"2025-09-27T23:17:50.545Z","v":0}
{"name":"Log","hostname":"96f98a7143c0","pid":1,"level":30,"version":"6.0.10","msg":"Model: Post","time":"2025-09-27T23:17:50.670Z","v":0}
{"name":"Log","hostname":"96f98a7143c0","pid":1,"level":30,"version":"6.0.10","msg":"Model: Integration","time":"2025-09-27T23:17:50.906Z","v":0}
{"name":"Log","hostname":"96f98a7143c0","pid":1,"level":30,"version":"6.0.10","msg":"Relation: Role to Permission","time":"2025-09-27T23:17:50.939Z","v":0}
{"name":"Log","hostname":"96f98a7143c0","pid":1,"level":30,"version":"6.0.10","msg":"Relation: Post to Tag","time":"2025-09-27T23:17:51.090Z","v":0}
{"name":"Log","hostname":"96f98a7143c0","pid":1,"level":30,"version":"6.0.10","msg":"Database is in a ready state.","time":"2025-09-27T23:17:51.139Z","v":0}
{"name":"Log","hostname":"96f98a7143c0","pid":1,"level":30,"version":"6.0.10","msg":"Ghost database ready in 5.189s","time":"2025-09-27T23:17:51.142Z","v":0}
{"name":"Log","hostname":"96f98a7143c0","pid":1,"level":30,"version":"6.0.10","msg":"Configured site_uuid was not found or invalid. Setting site_uuid to a new value: 78df02cf-aadb-4fd8-a329-8d01f582dc59","time":"2025-09-27T23:17:51.319Z","v":0}
{"name":"Log","hostname":"96f98a7143c0","pid":1,"level":40,"version":"6.0.10","msg":"Missing mail.from config, falling back to a generated email address. Please update your config file and set a valid from address","time":"2025-09-27T23:17:51.347Z","v":0}
{"name":"Log","hostname":"96f98a7143c0","pid":1,"level":30,"version":"6.0.10","msg":"Invalidating assets for regeneration","time":"2025-09-27T23:17:51.692Z","v":0}
{"name":"Log","hostname":"96f98a7143c0","pid":1,"level":30,"version":"6.0.10","msg":"Adding offloaded job to the inline job queue","time":"2025-09-27T23:17:51.946Z","v":0}
{"name":"Log","hostname":"96f98a7143c0","pid":1,"level":30,"version":"6.0.10","msg":"Scheduling job mentions-email-report at 15 57 * * * *. Next run on: Sat Sep 27 2025 23:57:15 GMT+0000 (Coordinated Universal Time)","time":"2025-09-27T23:17:51.951Z","v":0}
{"name":"Log","hostname":"96f98a7143c0","pid":1,"level":30,"version":"6.0.10","msg":"Pinging Explore with Payload https://explore.ghost.org/api/update {\"ghost\":\"6.0.10\",\"site_uuid\":\"78df02cf-aadb-4fd8-a329-8d01f582dc59\",\"url\":\"http://localhost:2368\",\"theme\":\"source\",\"facebook\":\"ghost\",\"twitter\":\"@ghost\",\"posts_total\":2,\"posts_last\":\"2025-09-27T23:17:51.000Z\",\"posts_first\":\"2025-09-27T23:17:50.000Z\"}","time":"2025-09-27T23:17:52.076Z","v":0}
{"name":"Log","hostname":"96f98a7143c0","pid":1,"level":30,"version":"6.0.10","msg":"Adding one-off job to inlineQueue with current length = 0 called 'members-migrations'","time":"2025-09-27T23:17:52.113Z","v":0}
{"name":"Log","hostname":"96f98a7143c0","pid":1,"level":30,"version":"6.0.10","msg":"Stripe not configured - skipping migrations","time":"2025-09-27T23:17:52.118Z","v":0}
{"name":"Log","hostname":"96f98a7143c0","pid":1,"level":30,"version":"6.0.10","msg":"URL Service ready in 894ms","time":"2025-09-27T23:17:52.368Z","v":0}
{"name":"Log","hostname":"96f98a7143c0","pid":1,"level":30,"version":"6.0.10","msg":"Adding offloaded job to the inline job queue","time":"2025-09-27T23:17:52.595Z","v":0}
{"name":"Log","hostname":"96f98a7143c0","pid":1,"level":30,"version":"6.0.10","msg":"Scheduling job clean-expired-comped at 48 51 3 * * *. Next run on: Sun Sep 28 2025 03:51:48 GMT+0000 (Coordinated Universal Time)","time":"2025-09-27T23:17:52.598Z","v":0}
{"name":"Log","hostname":"96f98a7143c0","pid":1,"level":30,"version":"6.0.10","msg":"Adding offloaded job to the inline job queue","time":"2025-09-27T23:17:52.602Z","v":0}
{"name":"Log","hostname":"96f98a7143c0","pid":1,"level":30,"version":"6.0.10","msg":"Scheduling job clean-tokens at 8 34 17 * * *. Next run on: Sun Sep 28 2025 17:34:08 GMT+0000 (Coordinated Universal Time)","time":"2025-09-27T23:17:52.604Z","v":0}
{"name":"Log","hostname":"96f98a7143c0","pid":1,"level":30,"version":"6.0.10","msg":"Ghost booted in 6.653s","time":"2025-09-27T23:17:52.607Z","v":0}
{"name":"Log","hostname":"96f98a7143c0","pid":1,"level":30,"version":"6.0.10","msg":"Adding offloaded job to the inline job queue","time":"2025-09-27T23:17:52.613Z","v":0}
{"name":"Log","hostname":"96f98a7143c0","pid":1,"level":30,"version":"6.0.10","msg":"Scheduling job update-check at 12 36 23 * * *. Next run on: Sat Sep 27 2025 23:36:12 GMT+0000 (Coordinated Universal Time)","time":"2025-09-27T23:17:52.615Z","v":0}
{"name":"Log","hostname":"96f98a7143c0","pid":1,"level":30,"version":"6.0.10","msg":"Running milestone emails job on Mon Sep 29 2025 23:17:52 GMT+0000 (Coordinated Universal Time)","time":"2025-09-27T23:17:52.621Z","v":0}
{"name":"Log","hostname":"96f98a7143c0","pid":1,"level":30,"version":"6.0.10","msg":"Explore Response 200 OK","time":"2025-09-27T23:17:52.881Z","v":0}
{"name":"Log","hostname":"96f98a7143c0","pid":1,"level":30,"version":"6.0.10","msg":"[Recommendations] Updating recommendations metadata","time":"2025-09-27T23:19:58.974Z","v":0}
{"name":"Log","hostname":"96f98a7143c0","pid":1,"level":30,"version":"6.0.10","msg":"Updating incoming recommendations on boot","time":"2025-09-27T23:21:45.574Z","v":0}
{"name":"Log","hostname":"96f98a7143c0","pid":1,"level":40,"version":"6.0.10","msg":"Ghost is shutting down","time":"2025-09-27T23:22:16.029Z","v":0}
{"name":"Log","hostname":"96f98a7143c0","pid":1,"level":40,"version":"6.0.10","msg":"Ghost has shut down","time":"2025-09-27T23:22:16.031Z","v":0}
{"name":"Log","hostname":"96f98a7143c0","pid":1,"level":40,"version":"6.0.10","msg":"Your site is now offline","time":"2025-09-27T23:22:16.031Z","v":0}
{"name":"Log","hostname":"96f98a7143c0","pid":1,"level":40,"version":"6.0.10","msg":"Ghost was running for 5 minutes","time":"2025-09-27T23:22:16.031Z","v":0}
{"name":"Log","hostname":"20a8b14de6af","pid":1,"level":30,"version":"6.0.10","msg":"Ghost is running in production...","time":"2025-09-27T23:23:20.987Z","v":0}
{"name":"Log","hostname":"20a8b14de6af","pid":1,"level":30,"version":"6.0.10","msg":"Your site is now available on http://localhost:2368/","time":"2025-09-27T23:23:20.987Z","v":0}
{"name":"Log","hostname":"20a8b14de6af","pid":1,"level":30,"version":"6.0.10","msg":"Ctrl+C to shut down","time":"2025-09-27T23:23:20.987Z","v":0}
{"name":"Log","hostname":"20a8b14de6af","pid":1,"level":30,"version":"6.0.10","msg":"Ghost server started in 0.233s","time":"2025-09-27T23:23:20.988Z","v":0}
{"name":"Log","hostname":"20a8b14de6af","pid":1,"level":40,"version":"6.0.10","msg":"Database state requires initialisation.","time":"2025-09-27T23:23:21.131Z","v":0}
{"name":"Log","hostname":"20a8b14de6af","pid":1,"level":30,"version":"6.0.10","msg":"Creating table: newsletters","time":"2025-09-27T23:23:21.294Z","v":0}
{"name":"Log","hostname":"20a8b14de6af","pid":1,"level":30,"version":"6.0.10","msg":"Creating table: posts","time":"2025-09-27T23:23:21.340Z","v":0}
{"name":"Log","hostname":"20a8b14de6af","pid":1,"level":30,"version":"6.0.10","msg":"Creating table: posts_meta","time":"2025-09-27T23:23:21.443Z","v":0}
{"name":"Log","hostname":"20a8b14de6af","pid":1,"level":30,"version":"6.0.10","msg":"Creating table: users","time":"2025-09-27T23:23:21.494Z","v":0}
{"name":"Log","hostname":"20a8b14de6af","pid":1,"level":30,"version":"6.0.10","msg":"Creating table: posts_authors","time":"2025-09-27T23:23:21.528Z","v":0}
{"name":"Log","hostname":"20a8b14de6af","pid":1,"level":30,"version":"6.0.10","msg":"Creating table: roles","time":"2025-09-27T23:23:21.627Z","v":0}
{"name":"Log","hostname":"20a8b14de6af","pid":1,"level":30,"version":"6.0.10","msg":"Creating table: roles_users","time":"2025-09-27T23:23:21.656Z","v":0}
{"name":"Log","hostname":"20a8b14de6af","pid":1,"level":30,"version":"6.0.10","msg":"Creating table: permissions","time":"2025-09-27T23:23:21.669Z","v":0}
{"name":"Log","hostname":"20a8b14de6af","pid":1,"level":30,"version":"6.0.10","msg":"Creating table: permissions_users","time":"2025-09-27T23:23:21.692Z","v":0}
{"name":"Log","hostname":"20a8b14de6af","pid":1,"level":30,"version":"6.0.10","msg":"Creating table: permissions_roles","time":"2025-09-27T23:23:21.703Z","v":0}
{"name":"Log","hostname":"20a8b14de6af","pid":1,"level":30,"version":"6.0.10","msg":"Creating table: settings","time":"2025-09-27T23:23:21.715Z","v":0}
{"name":"Log","hostname":"20a8b14de6af","pid":1,"level":30,"version":"6.0.10","msg":"Creating table: tags","time":"2025-09-27T23:23:21.736Z","v":0}
{"name":"Log","hostname":"20a8b14de6af","pid":1,"level":30,"version":"6.0.10","msg":"Creating table: posts_tags","time":"2025-09-27T23:23:21.758Z","v":0}
{"name":"Log","hostname":"20a8b14de6af","pid":1,"level":30,"version":"6.0.10","msg":"Creating table: invites","time":"2025-09-27T23:23:21.843Z","v":0}
{"name":"Log","hostname":"20a8b14de6af","pid":1,"level":30,"version":"6.0.10","msg":"Creating table: brute","time":"2025-09-27T23:23:21.875Z","v":0}
{"name":"Log","hostname":"20a8b14de6af","pid":1,"level":30,"version":"6.0.10","msg":"Creating table: sessions","time":"2025-09-27T23:23:21.887Z","v":0}
{"name":"Log","hostname":"20a8b14de6af","pid":1,"level":30,"version":"6.0.10","msg":"Creating table: integrations","time":"2025-09-27T23:23:21.907Z","v":0}
{"name":"Log","hostname":"20a8b14de6af","pid":1,"level":30,"version":"6.0.10","msg":"Creating table: webhooks","time":"2025-09-27T23:23:21.929Z","v":0}
{"name":"Log","hostname":"20a8b14de6af","pid":1,"level":30,"version":"6.0.10","msg":"Creating table: api_keys","time":"2025-09-27T23:23:21.968Z","v":0}
{"name":"Log","hostname":"20a8b14de6af","pid":1,"level":30,"version":"6.0.10","msg":"Creating table: mobiledoc_revisions","time":"2025-09-27T23:23:21.989Z","v":0}
{"name":"Log","hostname":"20a8b14de6af","pid":1,"level":30,"version":"6.0.10","msg":"Creating table: post_revisions","time":"2025-09-27T23:23:22.009Z","v":0}
{"name":"Log","hostname":"20a8b14de6af","pid":1,"level":30,"version":"6.0.10","msg":"Creating table: members","time":"2025-09-27T23:23:22.062Z","v":0}
{"name":"Log","hostname":"20a8b14de6af","pid":1,"level":30,"version":"6.0.10","msg":"Creating table: products","time":"2025-09-27T23:23:22.122Z","v":0}
{"name":"Log","hostname":"20a8b14de6af","pid":1,"level":30,"version":"6.0.10","msg":"Creating table: offers","time":"2025-09-27T23:23:22.145Z","v":0}
{"name":"Log","hostname":"20a8b14de6af","pid":1,"level":30,"version":"6.0.10","msg":"Creating table: benefits","time":"2025-09-27T23:23:22.225Z","v":0}
{"name":"Log","hostname":"20a8b14de6af","pid":1,"level":30,"version":"6.0.10","msg":"Creating table: products_benefits","time":"2025-09-27T23:23:22.246Z","v":0}
{"name":"Log","hostname":"20a8b14de6af","pid":1,"level":30,"version":"6.0.10","msg":"Creating table: members_products","time":"2025-09-27T23:23:22.317Z","v":0}
{"name":"Log","hostname":"20a8b14de6af","pid":1,"level":30,"version":"6.0.10","msg":"Creating table: posts_products","time":"2025-09-27T23:23:22.390Z","v":0}
{"name":"Log","hostname":"20a8b14de6af","pid":1,"level":30,"version":"6.0.10","msg":"Creating table: members_created_events","time":"2025-09-27T23:23:22.461Z","v":0}
{"name":"Log","hostname":"20a8b14de6af","pid":1,"level":30,"version":"6.0.10","msg":"Creating table: members_cancel_events","time":"2025-09-27T23:23:22.512Z","v":0}
{"name":"Log","hostname":"20a8b14de6af","pid":1,"level":30,"version":"6.0.10","msg":"Creating table: members_payment_events","time":"2025-09-27T23:23:22.553Z","v":0}
{"name":"Log","hostname":"20a8b14de6af","pid":1,"level":30,"version":"6.0.10","msg":"Creating table: members_login_events","time":"2025-09-27T23:23:22.595Z","v":0}
{"name":"Log","hostname":"20a8b14de6af","pid":1,"level":30,"version":"6.0.10","msg":"Creating table: members_email_change_events","time":"2025-09-27T23:23:22.633Z","v":0}
{"name":"Log","hostname":"20a8b14de6af","pid":1,"level":30,"version":"6.0.10","msg":"Creating table: members_status_events","time":"2025-09-27T23:23:22.673Z","v":0}
{"name":"Log","hostname":"20a8b14de6af","pid":1,"level":30,"version":"6.0.10","msg":"Creating table: members_product_events","time":"2025-09-27T23:23:22.711Z","v":0}
{"name":"Log","hostname":"20a8b14de6af","pid":1,"level":30,"version":"6.0.10","msg":"Creating table: members_paid_subscription_events","time":"2025-09-27T23:23:22.782Z","v":0}
{"name":"Log","hostname":"20a8b14de6af","pid":1,"level":30,"version":"6.0.10","msg":"Creating table: labels","time":"2025-09-27T23:23:22.828Z","v":0}
{"name":"Log","hostname":"20a8b14de6af","pid":1,"level":30,"version":"6.0.10","msg":"Creating table: members_labels","time":"2025-09-27T23:23:22.856Z","v":0}
{"name":"Log","hostname":"20a8b14de6af","pid":1,"level":30,"version":"6.0.10","msg":"Creating table: members_stripe_customers","time":"2025-09-27T23:23:22.930Z","v":0}
{"name":"Log","hostname":"20a8b14de6af","pid":1,"level":30,"version":"6.0.10","msg":"Creating table: subscriptions","time":"2025-09-27T23:23:22.978Z","v":0}
{"name":"Log","hostname":"20a8b14de6af","pid":1,"level":30,"version":"6.0.10","msg":"Creating table: members_stripe_customers_subscriptions","time":"2025-09-27T23:23:23.089Z","v":0}
{"name":"Log","hostname":"20a8b14de6af","pid":1,"level":30,"version":"6.0.10","msg":"Creating table: members_subscription_created_events","time":"2025-09-27T23:23:23.229Z","v":0}
{"name":"Log","hostname":"20a8b14de6af","pid":1,"level":30,"version":"6.0.10","msg":"Creating table: offer_redemptions","time":"2025-09-27T23:23:23.313Z","v":0}
{"name":"Log","hostname":"20a8b14de6af","pid":1,"level":30,"version":"6.0.10","msg":"Creating table: members_subscribe_events","time":"2025-09-27T23:23:23.420Z","v":0}
{"name":"Log","hostname":"20a8b14de6af","pid":1,"level":30,"version":"6.0.10","msg":"Creating table: donation_payment_events","time":"2025-09-27T23:23:23.505Z","v":0}
{"name":"Log","hostname":"20a8b14de6af","pid":1,"level":30,"version":"6.0.10","msg":"Creating table: stripe_products","time":"2025-09-27T23:23:23.547Z","v":0}
{"name":"Log","hostname":"20a8b14de6af","pid":1,"level":30,"version":"6.0.10","msg":"Creating table: stripe_prices","time":"2025-09-27T23:23:23.599Z","v":0}
{"name":"Log","hostname":"20a8b14de6af","pid":1,"level":30,"version":"6.0.10","msg":"Creating table: actions","time":"2025-09-27T23:23:23.654Z","v":0}
{"name":"Log","hostname":"20a8b14de6af","pid":1,"level":30,"version":"6.0.10","msg":"Creating table: emails","time":"2025-09-27T23:23:23.667Z","v":0}
{"name":"Log","hostname":"20a8b14de6af","pid":1,"level":30,"version":"6.0.10","msg":"Creating table: email_batches","time":"2025-09-27T23:23:23.737Z","v":0}
{"name":"Log","hostname":"20a8b14de6af","pid":1,"level":30,"version":"6.0.10","msg":"Creating table: email_recipients","time":"2025-09-27T23:23:23.776Z","v":0}
{"name":"Log","hostname":"20a8b14de6af","pid":1,"level":30,"version":"6.0.10","msg":"Creating table: email_recipient_failures","time":"2025-09-27T23:23:23.899Z","v":0}
{"name":"Log","hostname":"20a8b14de6af","pid":1,"level":30,"version":"6.0.10","msg":"Creating table: tokens","time":"2025-09-27T23:23:23.972Z","v":0}
{"name":"Log","hostname":"20a8b14de6af","pid":1,"level":30,"version":"6.0.10","msg":"Creating table: snippets","time":"2025-09-27T23:23:23.991Z","v":0}
{"name":"Log","hostname":"20a8b14de6af","pid":1,"level":30,"version":"6.0.10","msg":"Creating table: custom_theme_settings","time":"2025-09-27T23:23:24.010Z","v":0}
{"name":"Log","hostname":"20a8b14de6af","pid":1,"level":30,"version":"6.0.10","msg":"Creating table: members_newsletters","time":"2025-09-27T23:23:24.021Z","v":0}
{"name":"Log","hostname":"20a8b14de6af","pid":1,"level":30,"version":"6.0.10","msg":"Creating table: comments","time":"2025-09-27T23:23:24.111Z","v":0}
{"name":"Log","hostname":"20a8b14de6af","pid":1,"level":30,"version":"6.0.10","msg":"Creating table: comment_likes","time":"2025-09-27T23:23:24.259Z","v":0}
{"name":"Log","hostname":"20a8b14de6af","pid":1,"level":30,"version":"6.0.10","msg":"Creating table: comment_reports","time":"2025-09-27T23:23:24.333Z","v":0}
{"name":"Log","hostname":"20a8b14de6af","pid":1,"level":30,"version":"6.0.10","msg":"Creating table: jobs","time":"2025-09-27T23:23:24.404Z","v":0}
{"name":"Log","hostname":"20a8b14de6af","pid":1,"level":30,"version":"6.0.10","msg":"Creating table: redirects","time":"2025-09-27T23:23:24.425Z","v":0}
{"name":"Log","hostname":"20a8b14de6af","pid":1,"level":30,"version":"6.0.10","msg":"Creating table: members_click_events","time":"2025-09-27T23:23:24.478Z","v":0}
{"name":"Log","hostname":"20a8b14de6af","pid":1,"level":30,"version":"6.0.10","msg":"Creating table: members_feedback","time":"2025-09-27T23:23:24.545Z","v":0}
{"name":"Log","hostname":"20a8b14de6af","pid":1,"level":30,"version":"6.0.10","msg":"Creating table: suppressions","time":"2025-09-27T23:23:24.624Z","v":0}
{"name":"Log","hostname":"20a8b14de6af","pid":1,"level":30,"version":"6.0.10","msg":"Creating table: email_spam_complaint_events","time":"2025-09-27T23:23:24.676Z","v":0}
{"name":"Log","hostname":"20a8b14de6af","pid":1,"level":30,"version":"6.0.10","msg":"Creating table: mentions","time":"2025-09-27T23:23:24.759Z","v":0}
{"name":"Log","hostname":"20a8b14de6af","pid":1,"level":30,"version":"6.0.10","msg":"Creating table: milestones","time":"2025-09-27T23:23:24.772Z","v":0}
{"name":"Log","hostname":"20a8b14de6af","pid":1,"level":30,"version":"6.0.10","msg":"Creating table: collections","time":"2025-09-27T23:23:24.782Z","v":0}
{"name":"Log","hostname":"20a8b14de6af","pid":1,"level":30,"version":"6.0.10","msg":"Creating table: collections_posts","time":"2025-09-27T23:23:24.801Z","v":0}
{"name":"Log","hostname":"20a8b14de6af","pid":1,"level":30,"version":"6.0.10","msg":"Creating table: recommendations","time":"2025-09-27T23:23:24.875Z","v":0}
{"name":"Log","hostname":"20a8b14de6af","pid":1,"level":30,"version":"6.0.10","msg":"Creating table: recommendation_click_events","time":"2025-09-27T23:23:24.887Z","v":0}
{"name":"Log","hostname":"20a8b14de6af","pid":1,"level":30,"version":"6.0.10","msg":"Creating table: recommendation_subscribe_events","time":"2025-09-27T23:23:24.957Z","v":0}
{"name":"Log","hostname":"20a8b14de6af","pid":1,"level":30,"version":"6.0.10","msg":"Model: Collection","time":"2025-09-27T23:23:25.287Z","v":0}
{"name":"Log","hostname":"20a8b14de6af","pid":1,"level":30,"version":"6.0.10","msg":"Model: Product","time":"2025-09-27T23:23:25.290Z","v":0}
{"name":"Log","hostname":"20a8b14de6af","pid":1,"level":30,"version":"6.0.10","msg":"Model: Newsletter","time":"2025-09-27T23:23:25.295Z","v":0}
{"name":"Log","hostname":"20a8b14de6af","pid":1,"level":30,"version":"6.0.10","msg":"Model: Tag","time":"2025-09-27T23:23:25.299Z","v":0}
{"name":"Log","hostname":"20a8b14de6af","pid":1,"level":30,"version":"6.0.10","msg":"Model: Permission","time":"2025-09-27T23:23:25.301Z","v":0}
{"name":"Log","hostname":"20a8b14de6af","pid":1,"level":30,"version":"6.0.10","msg":"Model: Post","time":"2025-09-27T23:23:25.414Z","v":0}
{"name":"Log","hostname":"20a8b14de6af","pid":1,"level":30,"version":"6.0.10","msg":"Model: Integration","time":"2025-09-27T23:23:25.631Z","v":0}
{"name":"Log","hostname":"20a8b14de6af","pid":1,"level":30,"version":"6.0.10","msg":"Relation: Role to Permission","time":"2025-09-27T23:23:25.662Z","v":0}
{"name":"Log","hostname":"20a8b14de6af","pid":1,"level":30,"version":"6.0.10","msg":"Relation: Post to Tag","time":"2025-09-27T23:23:25.832Z","v":0}
{"name":"Log","hostname":"20a8b14de6af","pid":1,"level":30,"version":"6.0.10","msg":"Database is in a ready state.","time":"2025-09-27T23:23:25.877Z","v":0}
{"name":"Log","hostname":"20a8b14de6af","pid":1,"level":30,"version":"6.0.10","msg":"Ghost database ready in 5.125s","time":"2025-09-27T23:23:25.880Z","v":0}
{"name":"Log","hostname":"20a8b14de6af","pid":1,"level":30,"version":"6.0.10","msg":"Configured site_uuid was not found or invalid. Setting site_uuid to a new value: d90158b6-b8dc-47d3-ab76-b66231bfc9a7","time":"2025-09-27T23:23:26.181Z","v":0}
{"name":"Log","hostname":"20a8b14de6af","pid":1,"level":40,"version":"6.0.10","msg":"Missing mail.from config, falling back to a generated email address. Please update your config file and set a valid from address","time":"2025-09-27T23:23:26.207Z","v":0}
{"name":"Log","hostname":"20a8b14de6af","pid":1,"level":30,"version":"6.0.10","msg":"Invalidating assets for regeneration","time":"2025-09-27T23:23:26.537Z","v":0}
{"name":"Log","hostname":"20a8b14de6af","pid":1,"level":30,"version":"6.0.10","msg":"Adding offloaded job to the inline job queue","time":"2025-09-27T23:23:26.774Z","v":0}
{"name":"Log","hostname":"20a8b14de6af","pid":1,"level":30,"version":"6.0.10","msg":"Scheduling job mentions-email-report at 20 33 * * * *. Next run on: Sat Sep 27 2025 23:33:20 GMT+0000 (Coordinated Universal Time)","time":"2025-09-27T23:23:26.782Z","v":0}
{"name":"Log","hostname":"20a8b14de6af","pid":1,"level":30,"version":"6.0.10","msg":"Pinging Explore with Payload https://explore.ghost.org/api/update {\"ghost\":\"6.0.10\",\"site_uuid\":\"d90158b6-b8dc-47d3-ab76-b66231bfc9a7\",\"url\":\"http://localhost:2368\",\"theme\":\"source\",\"facebook\":\"ghost\",\"twitter\":\"@ghost\",\"posts_total\":2,\"posts_last\":\"2025-09-27T23:23:26.000Z\",\"posts_first\":\"2025-09-27T23:23:25.000Z\"}","time":"2025-09-27T23:23:26.904Z","v":0}
{"name":"Log","hostname":"20a8b14de6af","pid":1,"level":30,"version":"6.0.10","msg":"Adding one-off job to inlineQueue with current length = 0 called 'members-migrations'","time":"2025-09-27T23:23:26.937Z","v":0}
{"name":"Log","hostname":"20a8b14de6af","pid":1,"level":30,"version":"6.0.10","msg":"Stripe not configured - skipping migrations","time":"2025-09-27T23:23:26.941Z","v":0}
{"name":"Log","hostname":"20a8b14de6af","pid":1,"level":30,"version":"6.0.10","msg":"URL Service ready in 934ms","time":"2025-09-27T23:23:27.278Z","v":0}
{"name":"Log","hostname":"20a8b14de6af","pid":1,"level":30,"version":"6.0.10","msg":"Adding offloaded job to the inline job queue","time":"2025-09-27T23:23:27.421Z","v":0}
{"name":"Log","hostname":"20a8b14de6af","pid":1,"level":30,"version":"6.0.10","msg":"Scheduling job clean-expired-comped at 7 30 1 * * *. Next run on: Sun Sep 28 2025 01:30:07 GMT+0000 (Coordinated Universal Time)","time":"2025-09-27T23:23:27.423Z","v":0}
{"name":"Log","hostname":"20a8b14de6af","pid":1,"level":30,"version":"6.0.10","msg":"Adding offloaded job to the inline job queue","time":"2025-09-27T23:23:27.428Z","v":0}
{"name":"Log","hostname":"20a8b14de6af","pid":1,"level":30,"version":"6.0.10","msg":"Scheduling job clean-tokens at 25 56 4 * * *. Next run on: Sun Sep 28 2025 04:56:25 GMT+0000 (Coordinated Universal Time)","time":"2025-09-27T23:23:27.432Z","v":0}
{"name":"Log","hostname":"20a8b14de6af","pid":1,"level":30,"version":"6.0.10","msg":"Ghost booted in 6.679s","time":"2025-09-27T23:23:27.435Z","v":0}
{"name":"Log","hostname":"20a8b14de6af","pid":1,"level":30,"version":"6.0.10","msg":"Adding offloaded job to the inline job queue","time":"2025-09-27T23:23:27.439Z","v":0}
{"name":"Log","hostname":"20a8b14de6af","pid":1,"level":30,"version":"6.0.10","msg":"Scheduling job update-check at 36 24 12 * * *. Next run on: Sun Sep 28 2025 12:24:36 GMT+0000 (Coordinated Universal Time)","time":"2025-09-27T23:23:27.440Z","v":0}
{"name":"Log","hostname":"20a8b14de6af","pid":1,"level":30,"version":"6.0.10","msg":"Running milestone emails job on Mon Sep 29 2025 23:23:27 GMT+0000 (Coordinated Universal Time)","time":"2025-09-27T23:23:27.444Z","v":0}
{"name":"Log","hostname":"20a8b14de6af","pid":1,"level":30,"version":"6.0.10","msg":"Explore Response 200 OK","time":"2025-09-27T23:23:27.618Z","v":0}
{"name":"Log","hostname":"20a8b14de6af","pid":1,"level":30,"version":"6.0.10","req":{"meta":{"requestId":"31744a5a-e73c-49b4-af95-c875aababf76","userId":null},"url":"/","method":"GET","originalUrl":"/ghost/","params":{"0":"/"},"headers":{"host":"localhost:2368","connection":"keep-alive","cache-control":"max-age=0","sec-ch-ua":"\"Chromium\";v=\"140\", \"Not=A?Brand\";v=\"24\", \"Google Chrome\";v=\"140\"","sec-ch-ua-mobile":"?0","sec-ch-ua-platform":"\"Linux\"","upgrade-insecure-requests":"1","user-agent":"Mozilla/5.0 (X11; Linux x86_64) AppleWebKit/537.36 (KHTML, like Gecko) Chrome/140.0.0.0 Safari/537.36","accept":"text/html,application/xhtml+xml,application/xml;q=0.9,image/avif,image/webp,image/apng,*/*;q=0.8,application/signed-exchange;v=b3;q=0.7","sec-fetch-site":"cross-site","sec-fetch-mode":"navigate","sec-fetch-user":"?1","sec-fetch-dest":"document","accept-encoding":"gzip, deflate, br, zstd","accept-language":"de-DE,de;q=0.9,en-US;q=0.8,en;q=0.7,de-AT;q=0.6,vi;q=0.5","cookie":"**REDACTED**"},"query":{}},"res":{"_headers":{"x-powered-by":"Express","cache-control":"no-cache, private, no-store, must-revalidate, max-stale=0, post-check=0, pre-check=0","etag":"3f2b7fca1bae3a53a4de88f67a395252","x-frame-options":"sameorigin","accept-ranges":"bytes","last-modified":"Sat, 26 Oct 1985 08:15:00 GMT","content-type":"text/html; charset=UTF-8","vary":"Accept-Encoding","content-encoding":"br"},"statusCode":200,"responseTime":"87ms"},"msg":"","time":"2025-09-27T23:24:33.206Z","v":0}
{"name":"Log","hostname":"20a8b14de6af","pid":1,"level":50,"version":"6.0.10","req":{"meta":{"requestId":"bae86401-f1f3-464b-9e9b-9013bd5b020e","userId":null},"url":"/users/me/?include=roles","method":"GET","originalUrl":"/ghost/api/admin/users/me/?include=roles","params":{},"headers":{"host":"localhost:2368","connection":"keep-alive","x-ghost-version":"6.0","sec-ch-ua-platform":"\"Linux\"","sec-ch-ua":"\"Chromium\";v=\"140\", \"Not=A?Brand\";v=\"24\", \"Google Chrome\";v=\"140\"","app-pragma":"no-cache","sec-ch-ua-mobile":"?0","x-requested-with":"XMLHttpRequest","user-agent":"Mozilla/5.0 (X11; Linux x86_64) AppleWebKit/537.36 (KHTML, like Gecko) Chrome/140.0.0.0 Safari/537.36","accept":"application/json, text/javascript, */*; q=0.01","content-type":"application/json; charset=UTF-8","sec-fetch-site":"same-origin","sec-fetch-mode":"cors","sec-fetch-dest":"empty","referer":"http://localhost:2368/ghost/","accept-encoding":"gzip, deflate, br, zstd","accept-language":"de-DE,de;q=0.9,en-US;q=0.8,en;q=0.7,de-AT;q=0.6,vi;q=0.5","cookie":"**REDACTED**"},"query":{"include":"roles"}},"res":{"_headers":{"x-powered-by":"Express","content-version":"v6.0","vary":"Accept-Version, Accept-Encoding","cache-control":"no-cache, private, no-store, must-revalidate, max-stale=0, post-check=0, pre-check=0","content-type":"application/json; charset=utf-8","content-length":"343","etag":"W/\"157-Faj3O3t99ksbeflm+pahuS5cGTY\""},"statusCode":403,"responseTime":"72ms"},"err":{"id":"1ff5f4a0-9bf9-11f0-8b70-75a2c6c0e9da","domain":"http://localhost:2368","code":null,"name":"NoPermissionError","statusCode":403,"level":"normal","message":"Authorization failed","context":"\"Unable to determine the authenticated user or integration. Check that cookies are being passed through if using session authentication.\"","stack":"NoPermissionError: Authorization failed\n    at authorizeAdminApi (/var/lib/ghost/versions/6.0.10/core/server/services/auth/authorize.js:33:25)\n    at Layer.handle [as handle_request] (/var/lib/ghost/versions/6.0.10/node_modules/express/lib/router/layer.js:95:5)\n    at next (/var/lib/ghost/versions/6.0.10/node_modules/express/lib/router/route.js:149:13)\n    at authenticate (/var/lib/ghost/versions/6.0.10/core/server/services/auth/session/middleware.js:55:13)\n    at process.processTicksAndRejections (node:internal/process/task_queues:105:5)","hideStack":false},"msg":"Authorization failed","time":"2025-09-27T23:24:33.389Z","v":0}
{"name":"Log","hostname":"20a8b14de6af","pid":1,"level":50,"version":"6.0.10","req":{"meta":{"requestId":"97fdfa43-b18f-4213-87c2-465bbccf5b3a","userId":null},"url":"/users/me/?include=roles","method":"GET","originalUrl":"/ghost/api/admin/users/me/?include=roles","params":{},"headers":{"host":"localhost:2368","connection":"keep-alive","x-ghost-version":"6.0","sec-ch-ua-platform":"\"Linux\"","sec-ch-ua":"\"Chromium\";v=\"140\", \"Not=A?Brand\";v=\"24\", \"Google Chrome\";v=\"140\"","app-pragma":"no-cache","sec-ch-ua-mobile":"?0","x-requested-with":"XMLHttpRequest","user-agent":"Mozilla/5.0 (X11; Linux x86_64) AppleWebKit/537.36 (KHTML, like Gecko) Chrome/140.0.0.0 Safari/537.36","accept":"application/json, text/javascript, */*; q=0.01","content-type":"application/json; charset=UTF-8","sec-fetch-site":"same-origin","sec-fetch-mode":"cors","sec-fetch-dest":"empty","referer":"http://localhost:2368/ghost/","accept-encoding":"gzip, deflate, br, zstd","accept-language":"de-DE,de;q=0.9,en-US;q=0.8,en;q=0.7,de-AT;q=0.6,vi;q=0.5","cookie":"**REDACTED**"},"query":{"include":"roles"}},"res":{"_headers":{"x-powered-by":"Express","content-version":"v6.0","vary":"Accept-Version, Accept-Encoding","cache-control":"no-cache, private, no-store, must-revalidate, max-stale=0, post-check=0, pre-check=0","content-type":"application/json; charset=utf-8","content-length":"343","etag":"W/\"157-O2ukPG/Q02xyG5LfwLko8Q3+g8I\""},"statusCode":403,"responseTime":"5ms"},"err":{"id":"1ff81780-9bf9-11f0-8b70-75a2c6c0e9da","domain":"http://localhost:2368","code":null,"name":"NoPermissionError","statusCode":403,"level":"normal","message":"Authorization failed","context":"\"Unable to determine the authenticated user or integration. Check that cookies are being passed through if using session authentication.\"","stack":"NoPermissionError: Authorization failed\n    at authorizeAdminApi (/var/lib/ghost/versions/6.0.10/core/server/services/auth/authorize.js:33:25)\n    at Layer.handle [as handle_request] (/var/lib/ghost/versions/6.0.10/node_modules/express/lib/router/layer.js:95:5)\n    at next (/var/lib/ghost/versions/6.0.10/node_modules/express/lib/router/route.js:149:13)\n    at authenticate (/var/lib/ghost/versions/6.0.10/core/server/services/auth/session/middleware.js:55:13)\n    at process.processTicksAndRejections (node:internal/process/task_queues:105:5)","hideStack":false},"msg":"Authorization failed","time":"2025-09-27T23:24:33.403Z","v":0}
{"name":"Log","hostname":"20a8b14de6af","pid":1,"level":30,"version":"6.0.10","req":{"meta":{"requestId":"04cf11cb-40f5-49cc-a3db-39ee8d8d365f","userId":null},"url":"/site/","method":"GET","originalUrl":"/ghost/api/admin/site/","params":{},"headers":{"host":"localhost:2368","connection":"keep-alive","x-ghost-version":"6.0","sec-ch-ua-platform":"\"Linux\"","sec-ch-ua":"\"Chromium\";v=\"140\", \"Not=A?Brand\";v=\"24\", \"Google Chrome\";v=\"140\"","app-pragma":"no-cache","sec-ch-ua-mobile":"?0","x-requested-with":"XMLHttpRequest","user-agent":"Mozilla/5.0 (X11; Linux x86_64) AppleWebKit/537.36 (KHTML, like Gecko) Chrome/140.0.0.0 Safari/537.36","accept":"application/json, text/javascript, */*; q=0.01","content-type":"application/json; charset=UTF-8","sec-fetch-site":"same-origin","sec-fetch-mode":"cors","sec-fetch-dest":"empty","referer":"http://localhost:2368/ghost/","accept-encoding":"gzip, deflate, br, zstd","accept-language":"de-DE,de;q=0.9,en-US;q=0.8,en;q=0.7,de-AT;q=0.6,vi;q=0.5","cookie":"**REDACTED**"},"query":{}},"res":{"_headers":{"x-powered-by":"Express","content-version":"v6.0","vary":"Accept-Version, Accept-Encoding","cache-control":"no-cache, private, no-store, must-revalidate, max-stale=0, post-check=0, pre-check=0","content-type":"application/json; charset=utf-8","content-length":"337","etag":"W/\"151-hGofDgqrR9B9O63doTCrxW2Erh0\""},"statusCode":200,"responseTime":"4ms"},"msg":"","time":"2025-09-27T23:24:33.413Z","v":0}
{"name":"Log","hostname":"20a8b14de6af","pid":1,"level":30,"version":"6.0.10","req":{"meta":{"requestId":"edc8d95f-0b80-4054-b740-0b14caacff20","userId":null},"url":"/authentication/setup/","method":"GET","originalUrl":"/ghost/api/admin/authentication/setup/","params":{},"headers":{"host":"localhost:2368","connection":"keep-alive","x-ghost-version":"6.0","sec-ch-ua-platform":"\"Linux\"","sec-ch-ua":"\"Chromium\";v=\"140\", \"Not=A?Brand\";v=\"24\", \"Google Chrome\";v=\"140\"","app-pragma":"no-cache","sec-ch-ua-mobile":"?0","x-requested-with":"XMLHttpRequest","user-agent":"Mozilla/5.0 (X11; Linux x86_64) AppleWebKit/537.36 (KHTML, like Gecko) Chrome/140.0.0.0 Safari/537.36","accept":"application/json, text/javascript, */*; q=0.01","content-type":"application/json; charset=UTF-8","sec-fetch-site":"same-origin","sec-fetch-mode":"cors","sec-fetch-dest":"empty","referer":"http://localhost:2368/ghost/","accept-encoding":"gzip, deflate, br, zstd","accept-language":"de-DE,de;q=0.9,en-US;q=0.8,en;q=0.7,de-AT;q=0.6,vi;q=0.5","cookie":"**REDACTED**"},"query":{}},"res":{"_headers":{"x-powered-by":"Express","content-version":"v6.0","vary":"Accept-Version, Accept-Encoding","cache-control":"no-cache, private, no-store, must-revalidate, max-stale=0, post-check=0, pre-check=0","content-type":"application/json; charset=utf-8","content-length":"28","etag":"W/\"1c-sQKS0vX9z/0iYRVKKjytkkIupoI\""},"statusCode":200,"responseTime":"8ms"},"msg":"","time":"2025-09-27T23:24:33.428Z","v":0}
{"name":"Log","hostname":"20a8b14de6af","pid":1,"level":30,"version":"6.0.10","req":{"meta":{"requestId":"7db21987-268e-4a03-9f3a-ef63197a5d51","userId":null},"url":"/authentication/setup/","method":"GET","originalUrl":"/ghost/api/admin/authentication/setup/","params":{},"headers":{"host":"localhost:2368","connection":"keep-alive","x-ghost-version":"6.0","sec-ch-ua-platform":"\"Linux\"","sec-ch-ua":"\"Chromium\";v=\"140\", \"Not=A?Brand\";v=\"24\", \"Google Chrome\";v=\"140\"","app-pragma":"no-cache","sec-ch-ua-mobile":"?0","x-requested-with":"XMLHttpRequest","user-agent":"Mozilla/5.0 (X11; Linux x86_64) AppleWebKit/537.36 (KHTML, like Gecko) Chrome/140.0.0.0 Safari/537.36","accept":"application/json, text/javascript, */*; q=0.01","content-type":"application/json; charset=UTF-8","sec-fetch-site":"same-origin","sec-fetch-mode":"cors","sec-fetch-dest":"empty","referer":"http://localhost:2368/ghost/","accept-encoding":"gzip, deflate, br, zstd","accept-language":"de-DE,de;q=0.9,en-US;q=0.8,en;q=0.7,de-AT;q=0.6,vi;q=0.5","cookie":"**REDACTED**"},"query":{}},"res":{"_headers":{"x-powered-by":"Express","content-version":"v6.0","vary":"Accept-Version, Accept-Encoding","cache-control":"no-cache, private, no-store, must-revalidate, max-stale=0, post-check=0, pre-check=0","content-type":"application/json; charset=utf-8","content-length":"28","etag":"W/\"1c-sQKS0vX9z/0iYRVKKjytkkIupoI\""},"statusCode":200,"responseTime":"5ms"},"msg":"","time":"2025-09-27T23:24:33.438Z","v":0}
{"name":"Log","hostname":"20a8b14de6af","pid":1,"level":30,"version":"6.0.10","msg":"Updating incoming recommendations on boot","time":"2025-09-27T23:25:14.563Z","v":0}
